[2014-08-05 20:13:54] (ERROR @ /srv/www/thomstradling.co.uk/public_html/core/model/modx/rest/modrestclient.class.php : 231) PHP warning: simplexml_load_string(): Entity: line 1: parser error : XML declaration allowed only at the start of the document
[2014-08-05 20:13:54] (ERROR @ /srv/www/thomstradling.co.uk/public_html/core/model/modx/rest/modrestclient.class.php : 231) PHP warning: simplexml_load_string(): &lt;?xml
[2014-08-05 20:13:54] (ERROR @ /srv/www/thomstradling.co.uk/public_html/core/model/modx/rest/modrestclient.class.php : 231) PHP warning: simplexml_load_string():      ^
[2014-08-05 20:13:54] (ERROR @ /srv/www/thomstradling.co.uk/public_html/core/model/modx/rest/modrestclient.class.php : 231) PHP warning: simplexml_load_string(): Entity: line 1: parser error : ParsePI: PI xml space expected
[2014-08-05 20:13:54] (ERROR @ /srv/www/thomstradling.co.uk/public_html/core/model/modx/rest/modrestclient.class.php : 231) PHP warning: simplexml_load_string(): &lt;?xml
[2014-08-05 20:13:54] (ERROR @ /srv/www/thomstradling.co.uk/public_html/core/model/modx/rest/modrestclient.class.php : 231) PHP warning: simplexml_load_string():      ^
[2014-08-05 20:13:54] (ERROR @ /srv/www/thomstradling.co.uk/public_html/core/model/modx/rest/modrestclient.class.php : 231) PHP warning: simplexml_load_string(): Entity: line 1: parser error : ParsePI: PI xml never end ...
[2014-08-05 20:13:54] (ERROR @ /srv/www/thomstradling.co.uk/public_html/core/model/modx/rest/modrestclient.class.php : 231) PHP warning: simplexml_load_string(): &lt;?xml
[2014-08-05 20:13:54] (ERROR @ /srv/www/thomstradling.co.uk/public_html/core/model/modx/rest/modrestclient.class.php : 231) PHP warning: simplexml_load_string():      ^
[2014-08-05 20:13:54] (ERROR @ /srv/www/thomstradling.co.uk/public_html/core/model/modx/rest/modrestclient.class.php : 231) PHP warning: simplexml_load_string(): Entity: line 1: parser error : Start tag expected, '&lt;' not found
[2014-08-05 20:13:54] (ERROR @ /srv/www/thomstradling.co.uk/public_html/core/model/modx/rest/modrestclient.class.php : 231) PHP warning: simplexml_load_string(): &lt;?xml
[2014-08-05 20:13:54] (ERROR @ /srv/www/thomstradling.co.uk/public_html/core/model/modx/rest/modrestclient.class.php : 231) PHP warning: simplexml_load_string():      ^
[2014-08-05 20:13:54] (ERROR @ /connectors/index.php) Could not connect to provider at: http://rest.modx.com/extras/
[2014-08-05 20:13:54] (ERROR @ /srv/www/thomstradling.co.uk/public_html/core/model/modx/processors/workspace/packages/rest/getlist.class.php : 48) PHP warning: Invalid argument supplied for foreach()
[2014-08-05 20:13:54] (ERROR @ /srv/www/thomstradling.co.uk/public_html/core/model/modx/processors/workspace/packages/rest/getlist.class.php : 52) PHP warning: Illegal string offset 'total'
[2014-08-05 20:13:54] (ERROR @ /srv/www/thomstradling.co.uk/public_html/core/model/modx/rest/modrestclient.class.php : 231) PHP warning: simplexml_load_string(): Entity: line 1: parser error : XML declaration allowed only at the start of the document
[2014-08-05 20:13:54] (ERROR @ /srv/www/thomstradling.co.uk/public_html/core/model/modx/rest/modrestclient.class.php : 231) PHP warning: simplexml_load_string(): &lt;?xml
[2014-08-05 20:13:54] (ERROR @ /srv/www/thomstradling.co.uk/public_html/core/model/modx/rest/modrestclient.class.php : 231) PHP warning: simplexml_load_string():      ^
[2014-08-05 20:13:54] (ERROR @ /srv/www/thomstradling.co.uk/public_html/core/model/modx/rest/modrestclient.class.php : 231) PHP warning: simplexml_load_string(): Entity: line 1: parser error : ParsePI: PI xml space expected
[2014-08-05 20:13:54] (ERROR @ /srv/www/thomstradling.co.uk/public_html/core/model/modx/rest/modrestclient.class.php : 231) PHP warning: simplexml_load_string(): &lt;?xml
[2014-08-05 20:13:54] (ERROR @ /srv/www/thomstradling.co.uk/public_html/core/model/modx/rest/modrestclient.class.php : 231) PHP warning: simplexml_load_string():      ^
[2014-08-05 20:13:54] (ERROR @ /srv/www/thomstradling.co.uk/public_html/core/model/modx/rest/modrestclient.class.php : 231) PHP warning: simplexml_load_string(): Entity: line 1: parser error : ParsePI: PI xml never end ...
[2014-08-05 20:13:54] (ERROR @ /srv/www/thomstradling.co.uk/public_html/core/model/modx/rest/modrestclient.class.php : 231) PHP warning: simplexml_load_string(): &lt;?xml
[2014-08-05 20:13:54] (ERROR @ /srv/www/thomstradling.co.uk/public_html/core/model/modx/rest/modrestclient.class.php : 231) PHP warning: simplexml_load_string():      ^
[2014-08-05 20:13:54] (ERROR @ /srv/www/thomstradling.co.uk/public_html/core/model/modx/rest/modrestclient.class.php : 231) PHP warning: simplexml_load_string(): Entity: line 1: parser error : Start tag expected, '&lt;' not found
[2014-08-05 20:13:54] (ERROR @ /srv/www/thomstradling.co.uk/public_html/core/model/modx/rest/modrestclient.class.php : 231) PHP warning: simplexml_load_string(): &lt;?xml
[2014-08-05 20:13:54] (ERROR @ /srv/www/thomstradling.co.uk/public_html/core/model/modx/rest/modrestclient.class.php : 231) PHP warning: simplexml_load_string():      ^
[2014-08-05 20:13:54] (ERROR @ /connectors/index.php) Could not connect to provider at: http://rest.modx.com/extras/
[2014-08-05 20:13:54] (ERROR @ /srv/www/thomstradling.co.uk/public_html/core/model/modx/processors/workspace/packages/rest/getlist.class.php : 48) PHP warning: Invalid argument supplied for foreach()
[2014-08-05 20:13:54] (ERROR @ /srv/www/thomstradling.co.uk/public_html/core/model/modx/processors/workspace/packages/rest/getlist.class.php : 52) PHP warning: Illegal string offset 'total'
[2014-08-05 20:15:51] (ERROR @ /srv/www/thomstradling.co.uk/public_html/core/model/modx/rest/modrestclient.class.php : 231) PHP warning: simplexml_load_string(): Entity: line 1: parser error : XML declaration allowed only at the start of the document
[2014-08-05 20:15:51] (ERROR @ /srv/www/thomstradling.co.uk/public_html/core/model/modx/rest/modrestclient.class.php : 231) PHP warning: simplexml_load_string(): &lt;?xml
[2014-08-05 20:15:51] (ERROR @ /srv/www/thomstradling.co.uk/public_html/core/model/modx/rest/modrestclient.class.php : 231) PHP warning: simplexml_load_string():      ^
[2014-08-05 20:15:51] (ERROR @ /srv/www/thomstradling.co.uk/public_html/core/model/modx/rest/modrestclient.class.php : 231) PHP warning: simplexml_load_string(): Entity: line 1: parser error : ParsePI: PI xml space expected
[2014-08-05 20:15:51] (ERROR @ /srv/www/thomstradling.co.uk/public_html/core/model/modx/rest/modrestclient.class.php : 231) PHP warning: simplexml_load_string(): &lt;?xml
[2014-08-05 20:15:51] (ERROR @ /srv/www/thomstradling.co.uk/public_html/core/model/modx/rest/modrestclient.class.php : 231) PHP warning: simplexml_load_string():      ^
[2014-08-05 20:15:51] (ERROR @ /srv/www/thomstradling.co.uk/public_html/core/model/modx/rest/modrestclient.class.php : 231) PHP warning: simplexml_load_string(): Entity: line 1: parser error : ParsePI: PI xml never end ...
[2014-08-05 20:15:51] (ERROR @ /srv/www/thomstradling.co.uk/public_html/core/model/modx/rest/modrestclient.class.php : 231) PHP warning: simplexml_load_string(): &lt;?xml
[2014-08-05 20:15:51] (ERROR @ /srv/www/thomstradling.co.uk/public_html/core/model/modx/rest/modrestclient.class.php : 231) PHP warning: simplexml_load_string():      ^
[2014-08-05 20:15:51] (ERROR @ /srv/www/thomstradling.co.uk/public_html/core/model/modx/rest/modrestclient.class.php : 231) PHP warning: simplexml_load_string(): Entity: line 1: parser error : Start tag expected, '&lt;' not found
[2014-08-05 20:15:51] (ERROR @ /srv/www/thomstradling.co.uk/public_html/core/model/modx/rest/modrestclient.class.php : 231) PHP warning: simplexml_load_string(): &lt;?xml
[2014-08-05 20:15:51] (ERROR @ /srv/www/thomstradling.co.uk/public_html/core/model/modx/rest/modrestclient.class.php : 231) PHP warning: simplexml_load_string():      ^
[2014-08-05 20:15:51] (ERROR @ /connectors/index.php) Could not connect to provider at: http://rest.modx.com/extras/
[2014-08-05 20:15:51] (ERROR @ /srv/www/thomstradling.co.uk/public_html/core/model/modx/processors/workspace/packages/rest/getlist.class.php : 48) PHP warning: Invalid argument supplied for foreach()
[2014-08-05 20:15:51] (ERROR @ /srv/www/thomstradling.co.uk/public_html/core/model/modx/processors/workspace/packages/rest/getlist.class.php : 52) PHP warning: Illegal string offset 'total'
[2014-08-05 20:15:51] (ERROR @ /srv/www/thomstradling.co.uk/public_html/core/model/modx/rest/modrestclient.class.php : 231) PHP warning: simplexml_load_string(): Entity: line 1: parser error : XML declaration allowed only at the start of the document
[2014-08-05 20:15:51] (ERROR @ /srv/www/thomstradling.co.uk/public_html/core/model/modx/rest/modrestclient.class.php : 231) PHP warning: simplexml_load_string(): &lt;?xml
[2014-08-05 20:15:51] (ERROR @ /srv/www/thomstradling.co.uk/public_html/core/model/modx/rest/modrestclient.class.php : 231) PHP warning: simplexml_load_string():      ^
[2014-08-05 20:15:51] (ERROR @ /srv/www/thomstradling.co.uk/public_html/core/model/modx/rest/modrestclient.class.php : 231) PHP warning: simplexml_load_string(): Entity: line 1: parser error : ParsePI: PI xml space expected
[2014-08-05 20:15:51] (ERROR @ /srv/www/thomstradling.co.uk/public_html/core/model/modx/rest/modrestclient.class.php : 231) PHP warning: simplexml_load_string(): &lt;?xml
[2014-08-05 20:15:51] (ERROR @ /srv/www/thomstradling.co.uk/public_html/core/model/modx/rest/modrestclient.class.php : 231) PHP warning: simplexml_load_string():      ^
[2014-08-05 20:15:51] (ERROR @ /srv/www/thomstradling.co.uk/public_html/core/model/modx/rest/modrestclient.class.php : 231) PHP warning: simplexml_load_string(): Entity: line 1: parser error : ParsePI: PI xml never end ...
[2014-08-05 20:15:51] (ERROR @ /srv/www/thomstradling.co.uk/public_html/core/model/modx/rest/modrestclient.class.php : 231) PHP warning: simplexml_load_string(): &lt;?xml
[2014-08-05 20:15:51] (ERROR @ /srv/www/thomstradling.co.uk/public_html/core/model/modx/rest/modrestclient.class.php : 231) PHP warning: simplexml_load_string():      ^
[2014-08-05 20:15:51] (ERROR @ /srv/www/thomstradling.co.uk/public_html/core/model/modx/rest/modrestclient.class.php : 231) PHP warning: simplexml_load_string(): Entity: line 1: parser error : Start tag expected, '&lt;' not found
[2014-08-05 20:15:51] (ERROR @ /srv/www/thomstradling.co.uk/public_html/core/model/modx/rest/modrestclient.class.php : 231) PHP warning: simplexml_load_string(): &lt;?xml
[2014-08-05 20:15:51] (ERROR @ /srv/www/thomstradling.co.uk/public_html/core/model/modx/rest/modrestclient.class.php : 231) PHP warning: simplexml_load_string():      ^
[2014-08-05 20:15:51] (ERROR @ /connectors/index.php) Could not connect to provider at: http://rest.modx.com/extras/
[2014-08-05 20:15:51] (ERROR @ /srv/www/thomstradling.co.uk/public_html/core/model/modx/processors/workspace/packages/rest/getlist.class.php : 48) PHP warning: Invalid argument supplied for foreach()
[2014-08-05 20:15:51] (ERROR @ /srv/www/thomstradling.co.uk/public_html/core/model/modx/processors/workspace/packages/rest/getlist.class.php : 52) PHP warning: Illegal string offset 'total'
[2014-08-05 20:16:36] (ERROR @ /srv/www/thomstradling.co.uk/public_html/core/model/modx/rest/modrestclient.class.php : 231) PHP warning: simplexml_load_string(): Entity: line 1: parser error : XML declaration allowed only at the start of the document
[2014-08-05 20:16:36] (ERROR @ /srv/www/thomstradling.co.uk/public_html/core/model/modx/rest/modrestclient.class.php : 231) PHP warning: simplexml_load_string(): &lt;?xml
[2014-08-05 20:16:36] (ERROR @ /srv/www/thomstradling.co.uk/public_html/core/model/modx/rest/modrestclient.class.php : 231) PHP warning: simplexml_load_string():      ^
[2014-08-05 20:16:36] (ERROR @ /srv/www/thomstradling.co.uk/public_html/core/model/modx/rest/modrestclient.class.php : 231) PHP warning: simplexml_load_string(): Entity: line 1: parser error : ParsePI: PI xml space expected
[2014-08-05 20:16:36] (ERROR @ /srv/www/thomstradling.co.uk/public_html/core/model/modx/rest/modrestclient.class.php : 231) PHP warning: simplexml_load_string(): &lt;?xml
[2014-08-05 20:16:36] (ERROR @ /srv/www/thomstradling.co.uk/public_html/core/model/modx/rest/modrestclient.class.php : 231) PHP warning: simplexml_load_string():      ^
[2014-08-05 20:16:36] (ERROR @ /srv/www/thomstradling.co.uk/public_html/core/model/modx/rest/modrestclient.class.php : 231) PHP warning: simplexml_load_string(): Entity: line 1: parser error : ParsePI: PI xml never end ...
[2014-08-05 20:16:36] (ERROR @ /srv/www/thomstradling.co.uk/public_html/core/model/modx/rest/modrestclient.class.php : 231) PHP warning: simplexml_load_string(): &lt;?xml
[2014-08-05 20:16:36] (ERROR @ /srv/www/thomstradling.co.uk/public_html/core/model/modx/rest/modrestclient.class.php : 231) PHP warning: simplexml_load_string():      ^
[2014-08-05 20:16:36] (ERROR @ /srv/www/thomstradling.co.uk/public_html/core/model/modx/rest/modrestclient.class.php : 231) PHP warning: simplexml_load_string(): Entity: line 1: parser error : Start tag expected, '&lt;' not found
[2014-08-05 20:16:36] (ERROR @ /srv/www/thomstradling.co.uk/public_html/core/model/modx/rest/modrestclient.class.php : 231) PHP warning: simplexml_load_string(): &lt;?xml
[2014-08-05 20:16:36] (ERROR @ /srv/www/thomstradling.co.uk/public_html/core/model/modx/rest/modrestclient.class.php : 231) PHP warning: simplexml_load_string():      ^
[2014-08-05 20:16:36] (ERROR @ /connectors/index.php) Could not connect to provider at: http://rest.modx.com/extras/
[2014-08-05 20:16:36] (ERROR @ /srv/www/thomstradling.co.uk/public_html/core/model/modx/processors/workspace/packages/rest/getlist.class.php : 48) PHP warning: Invalid argument supplied for foreach()
[2014-08-05 20:16:36] (ERROR @ /srv/www/thomstradling.co.uk/public_html/core/model/modx/processors/workspace/packages/rest/getlist.class.php : 52) PHP warning: Illegal string offset 'total'
[2014-08-05 20:16:36] (ERROR @ /srv/www/thomstradling.co.uk/public_html/core/model/modx/rest/modrestclient.class.php : 231) PHP warning: simplexml_load_string(): Entity: line 1: parser error : XML declaration allowed only at the start of the document
[2014-08-05 20:16:36] (ERROR @ /srv/www/thomstradling.co.uk/public_html/core/model/modx/rest/modrestclient.class.php : 231) PHP warning: simplexml_load_string(): &lt;?xml
[2014-08-05 20:16:36] (ERROR @ /srv/www/thomstradling.co.uk/public_html/core/model/modx/rest/modrestclient.class.php : 231) PHP warning: simplexml_load_string():      ^
[2014-08-05 20:16:36] (ERROR @ /srv/www/thomstradling.co.uk/public_html/core/model/modx/rest/modrestclient.class.php : 231) PHP warning: simplexml_load_string(): Entity: line 1: parser error : ParsePI: PI xml space expected
[2014-08-05 20:16:36] (ERROR @ /srv/www/thomstradling.co.uk/public_html/core/model/modx/rest/modrestclient.class.php : 231) PHP warning: simplexml_load_string(): &lt;?xml
[2014-08-05 20:16:36] (ERROR @ /srv/www/thomstradling.co.uk/public_html/core/model/modx/rest/modrestclient.class.php : 231) PHP warning: simplexml_load_string():      ^
[2014-08-05 20:16:36] (ERROR @ /srv/www/thomstradling.co.uk/public_html/core/model/modx/rest/modrestclient.class.php : 231) PHP warning: simplexml_load_string(): Entity: line 1: parser error : ParsePI: PI xml never end ...
[2014-08-05 20:16:36] (ERROR @ /srv/www/thomstradling.co.uk/public_html/core/model/modx/rest/modrestclient.class.php : 231) PHP warning: simplexml_load_string(): &lt;?xml
[2014-08-05 20:16:36] (ERROR @ /srv/www/thomstradling.co.uk/public_html/core/model/modx/rest/modrestclient.class.php : 231) PHP warning: simplexml_load_string():      ^
[2014-08-05 20:16:36] (ERROR @ /srv/www/thomstradling.co.uk/public_html/core/model/modx/rest/modrestclient.class.php : 231) PHP warning: simplexml_load_string(): Entity: line 1: parser error : Start tag expected, '&lt;' not found
[2014-08-05 20:16:36] (ERROR @ /srv/www/thomstradling.co.uk/public_html/core/model/modx/rest/modrestclient.class.php : 231) PHP warning: simplexml_load_string(): &lt;?xml
[2014-08-05 20:16:36] (ERROR @ /srv/www/thomstradling.co.uk/public_html/core/model/modx/rest/modrestclient.class.php : 231) PHP warning: simplexml_load_string():      ^
[2014-08-05 20:16:36] (ERROR @ /connectors/index.php) Could not connect to provider at: http://rest.modx.com/extras/
[2014-08-05 20:16:36] (ERROR @ /srv/www/thomstradling.co.uk/public_html/core/model/modx/processors/workspace/packages/rest/getlist.class.php : 48) PHP warning: Invalid argument supplied for foreach()
[2014-08-05 20:16:36] (ERROR @ /srv/www/thomstradling.co.uk/public_html/core/model/modx/processors/workspace/packages/rest/getlist.class.php : 52) PHP warning: Illegal string offset 'total'
[2014-08-05 20:26:19] (ERROR @ /srv/www/thomstradling.co.uk/public_html/core/model/modx/modx.class.php : 1019) PHP warning: array_key_exists() expects parameter 2 to be array, null given
[2014-08-05 20:26:19] (ERROR @ /srv/www/thomstradling.co.uk/public_html/core/model/modx/modx.class.php : 1022) PHP warning: array_key_exists() expects parameter 2 to be array, null given
[2014-08-05 20:26:19] (ERROR @ /srv/www/thomstradling.co.uk/public_html/core/model/modx/modx.class.php : 1019) PHP warning: array_key_exists() expects parameter 2 to be array, null given
[2014-08-05 20:26:19] (ERROR @ /srv/www/thomstradling.co.uk/public_html/core/model/modx/modx.class.php : 1022) PHP warning: array_key_exists() expects parameter 2 to be array, null given
[2014-08-05 20:26:19] (ERROR @ /srv/www/thomstradling.co.uk/public_html/core/model/modx/modx.class.php : 1019) PHP warning: array_key_exists() expects parameter 2 to be array, null given
[2014-08-05 20:26:19] (ERROR @ /srv/www/thomstradling.co.uk/public_html/core/model/modx/modx.class.php : 1022) PHP warning: array_key_exists() expects parameter 2 to be array, null given
